[2024-01-04 21:19:33] : Begin
--------------------
*MCUTYPE* : STC89C52RC/LE52RC
*MCUID* : F00245F0001C67
*FILENAME* : C:\Users\25086\Desktop\Current Project\工程训练\风力摆\Motortest\build\Release\Motortest.hex
*FILETIME* : 2024年01月04日, 21:17:05
*FILESIZE* : 258 (0x000102)
*CODESIZE* : 2119 (0x000847)
*CHECKSUM* : 0x000814EA
*ISPMODE* : 2
*ISPRESULT* : 0
--------------------
[2024-01-04 21:19:54] : End
--------------------------------------------------
[2024-01-04 21:20:54] : Begin
--------------------
*MCUTYPE* : STC89C52RC/LE52RC
*MCUID* : F00245F0001C67
*FILENAME* : C:\Users\25086\Desktop\Current Project\工程训练\风力摆\Objects\task1.hex
*FILETIME* : 2023年12月25日, 18:51:31
*FILESIZE* : 195 (0x0000C3)
*CODESIZE* : 2097 (0x000831)
*CHECKSUM* : 0x00080AA1
*ISPMODE* : 2
*ISPRESULT* : 0
--------------------
[2024-01-04 21:21:03] : End
--------------------------------------------------
[2024-01-04 21:22:40] : Begin
--------------------
*MCUTYPE* : STC89C52RC/LE52RC
*MCUID* : F00245F0001C67
*FILENAME* : C:\Users\25086\Desktop\Current Project\工程训练\风力摆\Motortest\build\Release\Motortest.hex
*FILETIME* : 2024年01月04日, 21:22:12
*FILESIZE* : 169 (0x0000A9)
*CODESIZE* : 2086 (0x000826)
*CHECKSUM* : 0x0007FF81
*ISPMODE* : 2
*ISPRESULT* : 0
--------------------
[2024-01-04 21:22:49] : End
--------------------------------------------------
[2024-01-04 21:26:46] : Begin
--------------------
*MCUTYPE* : STC89C52RC/LE52RC
*MCUID* : F00245F0001C67
*FILENAME* : C:\Users\25086\Desktop\Current Project\工程训练\风力摆\Motortest\build\Release\Motortest.hex
*FILETIME* : 2024年01月04日, 21:25:41
*FILESIZE* : 169 (0x0000A9)
*CODESIZE* : 2086 (0x000826)
*CHECKSUM* : 0x0007FF81
*ISPMODE* : 2
*ISPRESULT* : 0
--------------------
[2024-01-04 21:26:56] : End
--------------------------------------------------
[2024-01-04 22:25:22] : Begin
--------------------
*MCUTYPE* : STC89C52RC/LE52RC
*FILENAME* : C:\Users\25086\Desktop\Current Project\工程训练\风力摆\Motortest\build\Release\Motortest.hex
*FILETIME* : 2024年01月04日, 22:25:10
*FILESIZE* : 922 (0x00039A)
*CODESIZE* : 2188 (0x00088C)
*CHECKSUM* : 0x0007DAA4
*ISPMODE* : 2
*ISPRESULT* : 2
--------------------
[2024-01-04 22:28:47] : End
--------------------------------------------------
[2024-01-04 22:29:05] : Begin
--------------------
*MCUTYPE* : STC89C52RC/LE52RC
*MCUID* : F00245F0001C67
*FILENAME* : C:\Users\25086\Desktop\Current Project\工程训练\风力摆\Motortest\build\Release\Motortest.hex
*FILETIME* : 2024年01月04日, 22:25:10
*FILESIZE* : 922 (0x00039A)
*CODESIZE* : 2188 (0x00088C)
*CHECKSUM* : 0x0007DAA4
*ISPMODE* : 2
*ISPRESULT* : 0
--------------------
[2024-01-04 22:29:42] : End
--------------------------------------------------
[2024-01-04 22:31:51] : Begin
--------------------
*MCUTYPE* : STC89C52RC/LE52RC
*MCUID* : F00245F0001C67
*FILENAME* : C:\Users\25086\Desktop\Current Project\工程训练\风力摆\Motortest\build\Release\Motortest.hex
*FILETIME* : 2024年01月04日, 22:25:10
*FILESIZE* : 922 (0x00039A)
*CODESIZE* : 2188 (0x00088C)
*CHECKSUM* : 0x0007DAA4
*ISPMODE* : 2
*ISPRESULT* : 0
--------------------
[2024-01-04 22:32:22] : End
--------------------------------------------------
[2024-01-04 22:59:37] : Begin
--------------------
*MCUTYPE* : STC89C52RC/LE52RC
*MCUID* : F00245F0001C67
*FILENAME* : C:\Users\25086\Desktop\Current Project\工程训练\风力摆\Motortest\build\Release\Motortest.hex
*FILETIME* : 2024年01月04日, 22:59:24
*FILESIZE* : 922 (0x00039A)
*CODESIZE* : 2188 (0x00088C)
*CHECKSUM* : 0x0007DA86
*ISPMODE* : 2
*ISPRESULT* : 0
--------------------
[2024-01-04 22:59:49] : End
--------------------------------------------------
[2024-01-04 23:03:25] : Begin
--------------------
*MCUTYPE* : STC89C52RC/LE52RC
*MCUID* : F00245F0001C67
*FILENAME* : C:\Users\25086\Desktop\Current Project\工程训练\风力摆\Motortest\build\Release\Motortest.hex
*FILETIME* : 2024年01月04日, 23:03:15
*FILESIZE* : 922 (0x00039A)
*CODESIZE* : 2188 (0x00088C)
*CHECKSUM* : 0x0007DAD6
*ISPMODE* : 2
*ISPRESULT* : 0
--------------------
[2024-01-04 23:03:34] : End
--------------------------------------------------
[2024-01-04 23:07:51] : Begin
--------------------
*MCUTYPE* : STC89C52RC/LE52RC
*MCUID* : F00245F0001C67
*FILENAME* : C:\Users\25086\Desktop\Current Project\工程训练\风力摆\Motortest\build\Release\Motortest.hex
*FILETIME* : 2024年01月04日, 23:03:15
*FILESIZE* : 922 (0x00039A)
*CODESIZE* : 2188 (0x00088C)
*CHECKSUM* : 0x0007DAD6
*ISPMODE* : 2
*ISPRESULT* : 0
--------------------
[2024-01-04 23:08:10] : End
--------------------------------------------------
